<?xml version="1.0" encoding="UTF-8"?>
<testng-results skipped="0" failed="0" total="2" passed="2">
  <reporter-output>
  </reporter-output>
  <suite name="Suite" duration-ms="36554" started-at="2016-01-05T17:09:53Z" finished-at="2016-01-05T17:10:30Z">
    <groups>
    </groups>
    <test name="Test" duration-ms="36554" started-at="2016-01-05T17:09:53Z" finished-at="2016-01-05T17:10:30Z">
      <class name="testeTotvs.googleTotvs">
        <test-method status="PASS" signature="setUp()[pri:0, instance:testeTotvs.googleTotvs@256216b3]" name="setUp" is-config="true" duration-ms="4751" started-at="2016-01-05T15:09:53Z" finished-at="2016-01-05T15:09:58Z">
          <reporter-output>
          </reporter-output>
        </test-method> <!-- setUp -->
        <test-method status="PASS" signature="testimageclass()[pri:0, instance:testeTotvs.googleTotvs@256216b3]" name="testimageclass" duration-ms="15829" started-at="2016-01-05T15:09:58Z" finished-at="2016-01-05T15:10:14Z">
          <reporter-output>
          </reporter-output>
        </test-method> <!-- testimageclass -->
        <test-method status="PASS" signature="testlinkclass()[pri:0, instance:testeTotvs.googleTotvs@256216b3]" name="testlinkclass" duration-ms="15580" started-at="2016-01-05T15:10:14Z" finished-at="2016-01-05T15:10:30Z">
          <reporter-output>
          </reporter-output>
        </test-method> <!-- testlinkclass -->
        <test-method status="PASS" signature="tearDown()[pri:0, instance:testeTotvs.googleTotvs@256216b3]" name="tearDown" is-config="true" duration-ms="384" started-at="2016-01-05T15:10:30Z" finished-at="2016-01-05T15:10:30Z">
          <reporter-output>
          </reporter-output>
        </test-method> <!-- tearDown -->
      </class> <!-- testeTotvs.googleTotvs -->
    </test> <!-- Test -->
  </suite> <!-- Suite -->
</testng-results>
